<?xml version="1.0" encoding="UTF-8"?>
<!-- Generated by org.testng.reporters.JUnitReportReporter -->
<testsuite hostname="Bose_ThinkPad" failures="0" tests="1" name="com.webshop.base.DriverScript" time="6.466" errors="0" timestamp="2024-07-08T22:58:16 PDT" skipped="0">
  <testcase classname="com.webshop.base.DriverScript" name="initApplication" time="6.466"/>
</testsuite> <!-- com.webshop.base.DriverScript -->
