<?xml version="1.0" encoding="UTF-8"?>
<!-- Generated by org.testng.reporters.JUnitReportReporter -->
<testsuite hostname="Bose_ThinkPad" failures="0" tests="2" name="com.webshop.tests.BooksPageTest" time="17.086" errors="0" timestamp="2024-07-17T12:37:50 PDT" skipped="0">
  <testcase classname="com.webshop.tests.BooksPageTest" name="testBookPageTitle" time="7.663"/>
  <testcase classname="com.webshop.tests.BooksPageTest" name="testDisplaySize" time="9.423"/>
</testsuite> <!-- com.webshop.tests.BooksPageTest -->
