<?xml version="1.0" encoding="UTF-8"?>
<!-- Generated by org.testng.reporters.JUnitReportReporter -->
<testsuite hostname="Bose_ThinkPad" failures="0" tests="4" name="com.webshop.tests.LoginPageTests" time="31.768" errors="0" timestamp="2024-07-12T11:29:18 PDT" skipped="0">
  <testcase classname="com.webshop.tests.LoginPageTests" name="testLoginPageTitle" time="9.216"/>
  <testcase classname="com.webshop.tests.LoginPageTests" name="testWelcomeSignIn" time="6.499"/>
  <testcase classname="com.webshop.tests.LoginPageTests" name="testForgotPasswordPasswordIsDisplayed" time="5.548"/>
  <testcase classname="com.webshop.tests.LoginPageTests" name="testLoginFunction" time="10.505"/>
</testsuite> <!-- com.webshop.tests.LoginPageTests -->
