<?xml version="1.0" encoding="UTF-8"?>
<!-- Generated by org.testng.reporters.JUnitReportReporter -->
<testsuite hostname="Bose_ThinkPad" failures="0" tests="2" name="com.webshop.tests.HomePageTests" time="16.916" errors="0" timestamp="2024-07-15T13:35:25 PDT" skipped="0">
  <testcase classname="com.webshop.tests.HomePageTests" name="testHomePageTitle" time="9.326"/>
  <testcase classname="com.webshop.tests.HomePageTests" name="testMyAccountLink" time="7.590"/>
</testsuite> <!-- com.webshop.tests.HomePageTests -->
